2023-03-02 12:57:08 [INFO ] [RecentLawSuits] - [i_launch_browser] I opened browser
2023-03-02 12:57:17 [INFO ] [RecentLawSuits] - [i_enter_and_search] I navigated to website HomePage
2023-03-02 12:57:17 [INFO ] [RecentLawSuits] - [i_navigated_to_Home_Page] I verified I am on home page
2023-03-02 12:57:18 [INFO ] [RecentLawSuits] - [i_should_verify_following_details_are_present_with] i validated all details
2023-03-02 12:57:18 [INFO ] [RecentLawSuits] - [i_should_verify_following_details_are_present_with] i validated all details
2023-03-02 12:57:18 [INFO ] [RecentLawSuits] - [i_should_verify_following_details_are_present_with] i validated all details
2023-03-02 12:57:18 [INFO ] [RecentLawSuits] - [i_should_verify_following_details_are_present_with] i validated all details
2023-03-02 12:57:18 [INFO ] [RecentLawSuits] - [i_should_verify_following_details_are_present_with] i validated all details
2023-03-02 12:57:18 [INFO ] [RecentLawSuits] - [i_should_verify_following_details_are_present_with] i validated all details
2023-03-02 12:57:18 [INFO ] [RecentLawSuits] - [i_should_verify_following_details_are_present_with] i validated all details
2023-03-02 12:57:18 [INFO ] [RecentLawSuits] - [i_should_verify_following_details_are_present_with] i validated all details
2023-03-02 12:57:18 [INFO ] [RecentLawSuits] - [i_closed_browser] i closed browser
2023-03-02 13:00:34 [INFO ] [RecentLawSuits] - [i_launch_browser] I opened browser
2023-03-02 13:00:42 [INFO ] [RecentLawSuits] - [i_enter_and_search] I navigated to website HomePage
2023-03-02 13:00:42 [INFO ] [RecentLawSuits] - [i_navigated_to_Home_Page] I verified I am on home page
2023-03-02 13:17:54 [INFO ] [RecentLawSuits] - [i_launch_browser] I opened browser
2023-03-02 13:18:00 [INFO ] [RecentLawSuits] - [i_enter_and_search] I navigated to website HomePage
2023-03-02 13:18:00 [INFO ] [RecentLawSuits] - [i_navigated_to_Home_Page] I verified I am on home page
2023-03-02 13:18:01 [INFO ] [RecentLawSuits] - [i_should_verify_following_details_are_present_with] i validated all details
2023-03-02 13:18:01 [INFO ] [RecentLawSuits] - [i_should_verify_following_details_are_present_with] i validated all details
2023-03-02 13:18:01 [INFO ] [RecentLawSuits] - [i_should_verify_following_details_are_present_with] i validated all details
2023-03-02 13:18:01 [INFO ] [RecentLawSuits] - [i_should_verify_following_details_are_present_with] i validated all details
2023-03-02 13:18:01 [INFO ] [RecentLawSuits] - [i_should_verify_following_details_are_present_with] i validated all details
2023-03-02 13:18:01 [INFO ] [RecentLawSuits] - [i_should_verify_following_details_are_present_with] i validated all details
2023-03-02 13:18:01 [INFO ] [RecentLawSuits] - [i_should_verify_following_details_are_present_with] i validated all details
2023-03-02 13:18:01 [INFO ] [RecentLawSuits] - [i_should_verify_following_details_are_present_with] i validated all details
2023-03-02 13:18:02 [INFO ] [RecentLawSuits] - [i_closed_browser] i closed browser
2023-03-02 13:18:23 [INFO ] [RecentLawSuits] - [i_launch_browser] I opened browser
2023-03-02 13:18:31 [INFO ] [RecentLawSuits] - [i_enter_and_search] I navigated to website HomePage
2023-03-02 13:18:31 [INFO ] [RecentLawSuits] - [i_navigated_to_Home_Page] I verified I am on home page
2023-03-02 13:22:47 [INFO ] [RecentLawSuits] - [i_launch_browser] I opened browser
2023-03-02 13:22:53 [INFO ] [RecentLawSuits] - [i_enter_and_search] I navigated to website HomePage
2023-03-02 13:22:54 [INFO ] [RecentLawSuits] - [i_navigated_to_Home_Page] I verified I am on home page
2023-03-02 13:24:04 [INFO ] [RecentLawSuits] - [i_launch_browser] I opened browser
2023-03-02 13:24:11 [INFO ] [RecentLawSuits] - [i_enter_and_search] I navigated to website HomePage
2023-03-02 13:24:11 [INFO ] [RecentLawSuits] - [i_navigated_to_Home_Page] I verified I am on home page
2023-03-02 13:26:12 [INFO ] [RecentLawSuits] - [i_launch_browser] I opened browser
2023-03-02 13:26:18 [INFO ] [RecentLawSuits] - [i_enter_and_search] I navigated to website HomePage
2023-03-02 13:26:18 [INFO ] [RecentLawSuits] - [i_navigated_to_Home_Page] I verified I am on home page
2023-03-02 13:29:15 [INFO ] [RecentLawSuits] - [i_launch_browser] I opened browser
2023-03-02 13:29:21 [INFO ] [RecentLawSuits] - [i_enter_and_search] I navigated to website HomePage
2023-03-02 13:29:21 [INFO ] [RecentLawSuits] - [i_navigated_to_Home_Page] I verified I am on home page
2023-03-02 13:29:22 [INFO ] [RecentLawSuits] - [i_should_verify_following_details_are_present_with] i validated all details
2023-03-02 13:29:22 [INFO ] [RecentLawSuits] - [i_should_verify_following_details_are_present_with] i validated all details
2023-03-02 13:29:22 [INFO ] [RecentLawSuits] - [i_should_verify_following_details_are_present_with] i validated all details
2023-03-02 13:29:22 [INFO ] [RecentLawSuits] - [i_should_verify_following_details_are_present_with] i validated all details
2023-03-02 13:29:22 [INFO ] [RecentLawSuits] - [i_should_verify_following_details_are_present_with] i validated all details
2023-03-02 13:29:22 [INFO ] [RecentLawSuits] - [i_should_verify_following_details_are_present_with] i validated all details
2023-03-02 13:29:22 [INFO ] [RecentLawSuits] - [i_should_verify_following_details_are_present_with] i validated all details
2023-03-02 13:29:22 [INFO ] [RecentLawSuits] - [i_should_verify_following_details_are_present_with] i validated all details
2023-03-02 13:29:23 [INFO ] [RecentLawSuits] - [i_closed_browser] i closed browser
2023-03-02 13:30:52 [INFO ] [RecentLawSuits] - [i_launch_browser] I opened browser
2023-03-02 13:31:00 [INFO ] [RecentLawSuits] - [i_enter_and_search] I navigated to website HomePage
2023-03-02 13:31:00 [INFO ] [RecentLawSuits] - [i_navigated_to_Home_Page] I verified I am on home page
2023-03-02 13:31:17 [INFO ] [RecentLawSuits] - [i_launch_browser] I opened browser
2023-03-02 13:31:25 [INFO ] [RecentLawSuits] - [i_enter_and_search] I navigated to website HomePage
2023-03-02 13:31:25 [INFO ] [RecentLawSuits] - [i_navigated_to_Home_Page] I verified I am on home page
2023-03-02 13:45:05 [INFO ] [RecentLawSuits] - [i_launch_browser] I opened browser
2023-03-02 13:45:14 [INFO ] [RecentLawSuits] - [i_enter_and_search] I navigated to website HomePage
2023-03-02 13:45:14 [INFO ] [RecentLawSuits] - [i_navigated_to_Home_Page] I verified I am on home page
2023-03-02 13:45:15 [INFO ] [RecentLawSuits] - [i_should_verify_following_details_are_present_with] i validated all details
2023-03-02 13:45:15 [INFO ] [RecentLawSuits] - [i_should_verify_following_details_are_present_with] i validated all details
2023-03-02 13:45:15 [INFO ] [RecentLawSuits] - [i_should_verify_following_details_are_present_with] i validated all details
2023-03-02 13:45:15 [INFO ] [RecentLawSuits] - [i_should_verify_following_details_are_present_with] i validated all details
2023-03-02 13:45:15 [INFO ] [RecentLawSuits] - [i_should_verify_following_details_are_present_with] i validated all details
2023-03-02 13:45:15 [INFO ] [RecentLawSuits] - [i_should_verify_following_details_are_present_with] i validated all details
2023-03-02 13:45:15 [INFO ] [RecentLawSuits] - [i_should_verify_following_details_are_present_with] i validated all details
2023-03-02 13:45:15 [INFO ] [RecentLawSuits] - [i_should_verify_following_details_are_present_with] i validated all details
2023-03-02 13:45:15 [INFO ] [RecentLawSuits] - [i_closed_browser] i closed browser
2023-03-02 13:45:27 [INFO ] [RecentLawSuits] - [i_launch_browser] I opened browser
2023-03-02 13:45:33 [INFO ] [RecentLawSuits] - [i_enter_and_search] I navigated to website HomePage
2023-03-02 13:45:33 [INFO ] [RecentLawSuits] - [i_navigated_to_Home_Page] I verified I am on home page
2023-03-02 13:46:47 [INFO ] [RecentLawSuits] - [i_launch_browser] I opened browser
2023-03-02 13:46:52 [INFO ] [RecentLawSuits] - [i_enter_and_search] I navigated to website HomePage
2023-03-02 13:46:52 [INFO ] [RecentLawSuits] - [i_navigated_to_Home_Page] I verified I am on home page
2023-03-02 13:52:00 [INFO ] [RecentLawSuits] - [i_launch_browser] I opened browser
2023-03-02 13:52:07 [INFO ] [RecentLawSuits] - [i_enter_and_search] I navigated to website HomePage
2023-03-02 13:52:07 [INFO ] [RecentLawSuits] - [i_navigated_to_Home_Page] I verified I am on home page
2023-03-02 13:58:19 [INFO ] [RecentLawSuits] - [i_launch_browser] I opened browser
2023-03-02 13:58:26 [INFO ] [RecentLawSuits] - [i_enter_and_search] I navigated to website HomePage
2023-03-02 13:58:26 [INFO ] [RecentLawSuits] - [i_navigated_to_Home_Page] I verified I am on home page
2023-03-02 13:59:55 [INFO ] [RecentLawSuits] - [i_launch_browser] I opened browser
2023-03-02 14:00:02 [INFO ] [RecentLawSuits] - [i_enter_and_search] I navigated to website HomePage
2023-03-02 14:00:02 [INFO ] [RecentLawSuits] - [i_navigated_to_Home_Page] I verified I am on home page
2023-03-02 14:00:03 [INFO ] [RecentLawSuits] - [i_should_verify_following_details_are_present_with] i validated all details
2023-03-02 14:00:03 [INFO ] [RecentLawSuits] - [i_should_verify_following_details_are_present_with] i validated all details
2023-03-02 14:00:03 [INFO ] [RecentLawSuits] - [i_should_verify_following_details_are_present_with] i validated all details
2023-03-02 14:00:03 [INFO ] [RecentLawSuits] - [i_should_verify_following_details_are_present_with] i validated all details
2023-03-02 14:00:03 [INFO ] [RecentLawSuits] - [i_should_verify_following_details_are_present_with] i validated all details
2023-03-02 14:00:03 [INFO ] [RecentLawSuits] - [i_should_verify_following_details_are_present_with] i validated all details
2023-03-02 14:00:03 [INFO ] [RecentLawSuits] - [i_should_verify_following_details_are_present_with] i validated all details
2023-03-02 14:00:03 [INFO ] [RecentLawSuits] - [i_should_verify_following_details_are_present_with] i validated all details
2023-03-02 14:00:03 [INFO ] [RecentLawSuits] - [i_closed_browser] i closed browser
2023-03-02 14:00:43 [INFO ] [RecentLawSuits] - [i_launch_browser] I opened browser
2023-03-02 14:00:50 [INFO ] [RecentLawSuits] - [i_enter_and_search] I navigated to website HomePage
2023-03-02 14:00:50 [INFO ] [RecentLawSuits] - [i_navigated_to_Home_Page] I verified I am on home page
2023-03-02 14:00:51 [INFO ] [RecentLawSuits] - [i_should_verify_following_details_are_present_with] i validated all details
2023-03-02 14:00:51 [INFO ] [RecentLawSuits] - [i_should_verify_following_details_are_present_with] i validated all details
2023-03-02 14:00:51 [INFO ] [RecentLawSuits] - [i_should_verify_following_details_are_present_with] i validated all details
2023-03-02 14:00:51 [INFO ] [RecentLawSuits] - [i_should_verify_following_details_are_present_with] i validated all details
2023-03-02 14:00:51 [INFO ] [RecentLawSuits] - [i_should_verify_following_details_are_present_with] i validated all details
2023-03-02 14:00:51 [INFO ] [RecentLawSuits] - [i_should_verify_following_details_are_present_with] i validated all details
2023-03-02 14:00:51 [INFO ] [RecentLawSuits] - [i_should_verify_following_details_are_present_with] i validated all details
2023-03-02 14:00:51 [INFO ] [RecentLawSuits] - [i_should_verify_following_details_are_present_with] i validated all details
2023-03-02 14:00:52 [INFO ] [RecentLawSuits] - [i_closed_browser] i closed browser
2023-03-02 14:01:05 [INFO ] [RecentLawSuits] - [i_launch_browser] I opened browser
2023-03-02 14:01:11 [INFO ] [RecentLawSuits] - [i_enter_and_search] I navigated to website HomePage
2023-03-02 14:01:11 [INFO ] [RecentLawSuits] - [i_navigated_to_Home_Page] I verified I am on home page
2023-03-02 14:02:31 [INFO ] [RecentLawSuits] - [i_launch_browser] I opened browser
2023-03-02 14:02:39 [INFO ] [RecentLawSuits] - [i_enter_and_search] I navigated to website HomePage
2023-03-02 14:02:39 [INFO ] [RecentLawSuits] - [i_navigated_to_Home_Page] I verified I am on home page
2023-03-03 12:57:19 [INFO ] [RecentLawSuits] - [i_launch_browser] I opened browser
2023-03-03 12:57:26 [INFO ] [RecentLawSuits] - [i_enter_and_search] I navigated to website HomePage
2023-03-03 12:57:27 [INFO ] [RecentLawSuits] - [i_navigated_to_Home_Page] I verified I am on home page
2023-03-03 12:57:28 [INFO ] [RecentLawSuits] - [i_should_verify_following_details_are_present_with] i validated all details
2023-03-03 12:57:28 [INFO ] [RecentLawSuits] - [i_should_verify_following_details_are_present_with] i validated all details
2023-03-03 12:57:28 [INFO ] [RecentLawSuits] - [i_should_verify_following_details_are_present_with] i validated all details
2023-03-03 12:57:28 [INFO ] [RecentLawSuits] - [i_should_verify_following_details_are_present_with] i validated all details
2023-03-03 12:57:28 [INFO ] [RecentLawSuits] - [i_should_verify_following_details_are_present_with] i validated all details
2023-03-03 12:57:28 [INFO ] [RecentLawSuits] - [i_should_verify_following_details_are_present_with] i validated all details
2023-03-03 12:57:28 [INFO ] [RecentLawSuits] - [i_should_verify_following_details_are_present_with] i validated all details
2023-03-03 12:57:28 [INFO ] [RecentLawSuits] - [i_should_verify_following_details_are_present_with] i validated all details
2023-03-03 12:57:28 [INFO ] [RecentLawSuits] - [i_closed_browser] i closed browser
